<?xml version="1.0" encoding="utf-8"?><testsuites><testsuite name="pytest" errors="0" failures="1" skipped="0" tests="3" time="31.304" timestamp="2023-07-04T11:28:11.358588" hostname="QT-UK-LT1283"><testcase classname="test_HomePage.TestHomePage" name="test_formSubmission[getData0]" time="10.529" /><testcase classname="test_HomePage.TestHomePage" name="test_formSubmission[getData1]" time="3.995" /><testcase classname="test_e2e.TestOne" name="test_e2e" time="16.744"><failure message="AssertionError: assert 'Success! hellllllo Thank you!' in '×\nSuccess! Thank you! Your order will be delivered in next few weeks :-).'">self = &lt;tests.test_e2e.TestOne object at 0x0000011F8EB08BD0&gt;

    def test_e2e(self):
        log = self.getLogger() # calls getLogger method from BaseClass
        homePage = HomePage(self.driver)
        homePage.shopItems().click() # can give operations in testcase, but the object goes in pageobject class
    
        log.info("getting all product titles")
        checkOutPage = CheckOutPage(self.driver)
    
        products = checkOutPage.getProductTitles()
        i = -1
    
        for product in products:
            productName = product.text
            log.info(product.text)
            if productName == "Blackberry":
                checkOutPage.getProductNameButton()[i].click()  # this will check if button is present inside div/h4/a under blackberry
    
        checkOutPage.checkOutItems().click()
        # same as self.driver.find_element(By.XPATH, "//a[@class='nav-link btn btn-primary']").click()
    
        checkOutPage.checkOutItemsFinal().click()
        # same as self.driver.find_element(By.XPATH, "//button[@class='btn btn-success']").click()
    
        log.info("Entering country name as ind")
        # auto suggestive dropdown
    
        confirmPage = ConfirmPage(self.driver)
    
        confirmPage.dropdownType().send_keys("ind")
        #self.driver.find_element(By.ID, "country").send_keys("ind")
    
        # results take time to display so use explicit wait
        #wait = WebDriverWait(self.driver, 10)
        #wait.until(EC.presence_of_element_located((By.LINK_TEXT, "India")))
    
        self.verifyLinkPresence("India")
    
        confirmPage.dropdownSelect().click()
        #self.driver.find_element(By.LINK_TEXT, "India").click()
    
        confirmPage.checkbox().click()
        #self.driver.find_element(By.XPATH, "//div[@class='checkbox checkbox-primary']").click()
    
        confirmPage.purchase().click()
        #self.driver.find_element(By.CSS_SELECTOR, ".btn-success").click()
    
        successText = self.driver.find_element(By.CLASS_NAME, "alert-success").text  # can just use any of the classnames if there's multiple
    
        log.info("Text received from application is: " + successText)
        # this will check if partial text is in that variable. saves you putting the whole text by ==
        #assert "Success! Thank you!" in successText
    
        #fail test - for screenshot purpose
&gt;       assert "Success! hellllllo Thank you!" in successText
E       AssertionError: assert 'Success! hellllllo Thank you!' in '×\nSuccess! Thank you! Your order will be delivered in next few weeks :-).'

test_e2e.py:71: AssertionError</failure></testcase></testsuite></testsuites>